d:\thuctap\hin032_tatrunghieu\trainingframework\trainingframework\release\vc143.pdb
d:\thuctap\hin032_tatrunghieu\trainingframework\trainingframework\release\gsscore.obj
d:\thuctap\hin032_tatrunghieu\trainingframework\trainingframework\release\gsplay.obj
d:\thuctap\hin032_tatrunghieu\trainingframework\trainingframework\release\gsover.obj
d:\thuctap\hin032_tatrunghieu\trainingframework\trainingframework\release\gsmenu.obj
d:\thuctap\hin032_tatrunghieu\trainingframework\trainingframework\release\gsmachine.obj
d:\thuctap\hin032_tatrunghieu\trainingframework\trainingframework\release\gsintro.obj
d:\thuctap\hin032_tatrunghieu\trainingframework\trainingframework\release\gsbase.obj
d:\thuctap\hin032_tatrunghieu\trainingframework\trainingframework\release\texture.obj
d:\thuctap\hin032_tatrunghieu\trainingframework\trainingframework\release\text.obj
d:\thuctap\hin032_tatrunghieu\trainingframework\trainingframework\release\shaders.obj
d:\thuctap\hin032_tatrunghieu\trainingframework\trainingframework\release\object.obj
d:\thuctap\hin032_tatrunghieu\trainingframework\trainingframework\release\model.obj
d:\thuctap\hin032_tatrunghieu\trainingframework\trainingframework\release\gamebutton.obj
d:\thuctap\hin032_tatrunghieu\trainingframework\trainingframework\release\camera.obj
d:\thuctap\hin032_tatrunghieu\trainingframework\trainingframework\release\baseobject.obj
d:\thuctap\hin032_tatrunghieu\trainingframework\trainingframework\release\animation.obj
d:\thuctap\hin032_tatrunghieu\trainingframework\trainingframework\release\scenemanager.obj
d:\thuctap\hin032_tatrunghieu\trainingframework\trainingframework\release\resourcemanager.obj
d:\thuctap\hin032_tatrunghieu\trainingframework\trainingframework\release\basealien.obj
d:\thuctap\hin032_tatrunghieu\trainingframework\trainingframework\release\stopthealien.obj
d:\thuctap\hin032_tatrunghieu\trainingframework\trainingframework\release\gstutorial.obj
d:\thuctap\hin032_tatrunghieu\trainingframework\trainingframework\release\stopthealien.pch
d:\thuctap\hin032_tatrunghieu\trainingframework\trainingframework\release\stdafx.obj
d:\thuctap\hin032_tatrunghieu\trainingframework\bin\stopthealien.exe
d:\thuctap\hin032_tatrunghieu\trainingframework\trainingframework\release\stopthealien.ipdb
d:\thuctap\hin032_tatrunghieu\trainingframework\trainingframework\release\stopthealien.iobj
d:\thuctap\hin032_tatrunghieu\trainingframework\bin\stopthealien.pdb
d:\thuctap\hin032_tatrunghieu\trainingframework\trainingframework\release\sound.obj
d:\thuctap\hin032_tatrunghieu\trainingframework\\bin\stopthealien.pdb
d:\thuctap\hin032_tatrunghieu\trainingframework\trainingframework\release\stopthealien.tlog\cl.command.1.tlog
d:\thuctap\hin032_tatrunghieu\trainingframework\trainingframework\release\stopthealien.tlog\cl.items.tlog
d:\thuctap\hin032_tatrunghieu\trainingframework\trainingframework\release\stopthealien.tlog\cl.read.1.tlog
d:\thuctap\hin032_tatrunghieu\trainingframework\trainingframework\release\stopthealien.tlog\cl.write.1.tlog
d:\thuctap\hin032_tatrunghieu\trainingframework\trainingframework\release\stopthealien.tlog\link.command.1.tlog
d:\thuctap\hin032_tatrunghieu\trainingframework\trainingframework\release\stopthealien.tlog\link.read.1.tlog
d:\thuctap\hin032_tatrunghieu\trainingframework\trainingframework\release\stopthealien.tlog\link.write.1.tlog
