d:\thuctap\hin032_tatrunghieu\trainingframework\trainingframework\debug\vc143.pdb
d:\thuctap\hin032_tatrunghieu\trainingframework\trainingframework\debug\vc143.idb
d:\thuctap\hin032_tatrunghieu\trainingframework\trainingframework\debug\animation.obj
d:\thuctap\hin032_tatrunghieu\trainingframework\trainingframework\debug\baseobject.obj
d:\thuctap\hin032_tatrunghieu\trainingframework\trainingframework\debug\camera.obj
d:\thuctap\hin032_tatrunghieu\trainingframework\trainingframework\debug\gamebutton.obj
d:\thuctap\hin032_tatrunghieu\trainingframework\trainingframework\debug\model.obj
d:\thuctap\hin032_tatrunghieu\trainingframework\trainingframework\debug\object.obj
d:\thuctap\hin032_tatrunghieu\trainingframework\trainingframework\debug\shaders.obj
d:\thuctap\hin032_tatrunghieu\trainingframework\trainingframework\debug\sound.obj
d:\thuctap\hin032_tatrunghieu\trainingframework\trainingframework\debug\text.obj
d:\thuctap\hin032_tatrunghieu\trainingframework\trainingframework\debug\texture.obj
d:\thuctap\hin032_tatrunghieu\trainingframework\trainingframework\debug\gsbase.obj
d:\thuctap\hin032_tatrunghieu\trainingframework\trainingframework\debug\gsintro.obj
d:\thuctap\hin032_tatrunghieu\trainingframework\trainingframework\debug\gsmachine.obj
d:\thuctap\hin032_tatrunghieu\trainingframework\trainingframework\debug\gsmenu.obj
d:\thuctap\hin032_tatrunghieu\trainingframework\trainingframework\debug\gsover.obj
d:\thuctap\hin032_tatrunghieu\trainingframework\trainingframework\debug\gsplay.obj
d:\thuctap\hin032_tatrunghieu\trainingframework\trainingframework\debug\gsscore.obj
d:\thuctap\hin032_tatrunghieu\trainingframework\trainingframework\debug\gstutorial.obj
d:\thuctap\hin032_tatrunghieu\trainingframework\trainingframework\debug\stdafx.obj
d:\thuctap\hin032_tatrunghieu\trainingframework\trainingframework\debug\stopthealien.obj
d:\thuctap\hin032_tatrunghieu\trainingframework\trainingframework\debug\basealien.obj
d:\thuctap\hin032_tatrunghieu\trainingframework\trainingframework\debug\resourcemanager.obj
d:\thuctap\hin032_tatrunghieu\trainingframework\trainingframework\debug\scenemanager.obj
d:\thuctap\hin032_tatrunghieu\trainingframework\trainingframework\debug\stopthealien.ilk
d:\thuctap\hin032_tatrunghieu\trainingframework\bin\stopthealien.exe
d:\thuctap\hin032_tatrunghieu\trainingframework\bin\stopthealien.pdb
d:\thuctap\hin032_tatrunghieu\trainingframework\\bin\stopthealien.pdb
d:\thuctap\hin032_tatrunghieu\trainingframework\trainingframework\debug\stopthealien.tlog\cl.command.1.tlog
d:\thuctap\hin032_tatrunghieu\trainingframework\trainingframework\debug\stopthealien.tlog\cl.items.tlog
d:\thuctap\hin032_tatrunghieu\trainingframework\trainingframework\debug\stopthealien.tlog\cl.read.1.tlog
d:\thuctap\hin032_tatrunghieu\trainingframework\trainingframework\debug\stopthealien.tlog\cl.write.1.tlog
d:\thuctap\hin032_tatrunghieu\trainingframework\trainingframework\debug\stopthealien.tlog\link.command.1.tlog
d:\thuctap\hin032_tatrunghieu\trainingframework\trainingframework\debug\stopthealien.tlog\link.read.1.tlog
d:\thuctap\hin032_tatrunghieu\trainingframework\trainingframework\debug\stopthealien.tlog\link.write.1.tlog
